01-31-13 02:52 DEBUG    gen-supervoxels was set to True
01-31-13 02:52 DEBUG    temp-dir was not specified and set to default None
01-31-13 02:52 DEBUG    ilastik-prediction-file was not specified and set to default None
01-31-13 02:52 DEBUG    pixelprob-file was not specified and set to default None
01-31-13 02:52 DEBUG    raveler-output was set to False
01-31-13 02:52 DEBUG    synapse-file was set to ./example/annotations-synapse.json
01-31-13 02:52 DEBUG    gen-agglomeration was set to True
01-31-13 02:52 DEBUG    image-stack was set to ./example/original_grayscales/*.png
01-31-13 02:52 DEBUG    pixelprob-name was set to pixel_boundpred.h5
01-31-13 02:52 DEBUG    h5-output was set to False
01-31-13 02:52 DEBUG    segmentation-thresholds was set to [0.1]
01-31-13 02:52 DEBUG    use-neuroproof was set to True
01-31-13 02:52 DEBUG    expected-vi was set to False
01-31-13 02:52 DEBUG    extract-ilp-prediction was set to False
01-31-13 02:52 DEBUG    bound-channels was set to [0]
01-31-13 02:52 DEBUG    ilp-file was set to ./example/dots_ilastik06.ilp
01-31-13 02:52 DEBUG    border-size was set to 2
01-31-13 02:52 DEBUG    gen-pixel was set to True
01-31-13 02:52 DEBUG    seed-val was set to 0
01-31-13 02:52 DEBUG    inclusion-removal was set to True
01-31-13 02:52 DEBUG    seed-size was set to 5
01-31-13 02:52 DEBUG    vi-beta was set to 1.0
01-31-13 02:52 DEBUG    supervoxels-file was not specified and set to default None
01-31-13 02:52 DEBUG    synapse-dilation was set to 1
01-31-13 02:52 DEBUG    supervoxels-name was set to supervoxels.lzf.h5
01-31-13 02:52 DEBUG    classifier was set to ./example/test1.classifier.h5
01-31-13 02:52 INFO     Options loaded and verified
01-31-13 02:52 INFO     Session location: sample
01-31-13 02:52 INFO     Generating Pixel Probabilities
01-31-13 02:52 INFO     Running Ilastik in headless mode
01-31-13 02:52 INFO     Executing ilastik headless command for pixel classification:
ilastik_headless --project ./example/dots_ilastik06.ilp --batch_export_dir sample --batch_output_dataset_name /volume/predictions "./example/original_grayscales/*.png"
01-31-13 02:52 DEBUG    Generating supervoxels
01-31-13 02:52 DEBUG    Grabbing boundary labels: [0]
01-31-13 02:52 INFO     Shape of boundary: (100, 200, 50)
01-31-13 02:52 INFO     Transposed boundary prediction
01-31-13 02:52 DEBUG    watershed seed value threshold: 0
01-31-13 02:52 DEBUG    Removing small seeds
01-31-13 02:52 DEBUG    Finished removing small seeds
01-31-13 02:52 INFO     Starting watershed
01-31-13 02:52 INFO     Finished watershed
01-31-13 02:52 INFO     Processing synapses
01-31-13 02:52 INFO     Finished processing synapses
01-31-13 02:52 INFO     Building RAG
01-31-13 02:52 INFO     Finished building RAG
01-31-13 02:52 INFO     Starting inclusion removal with 2118 nodes
01-31-13 02:52 INFO     Finished inclusion removal with 2118 nodes
01-31-13 02:52 INFO     Starting agglomeration to threshold 0.1 with 2118
01-31-13 02:52 INFO     Finished agglomeration to threshold 0.1 with 2113
01-31-13 02:52 INFO     Starting inclusion removal with 2113 nodes
01-31-13 02:52 INFO     Finished inclusion removal with 2113 nodes
